<?xml version="1.0" encoding="UTF-8"?>
<testng-results skipped="0" failed="0" total="1" passed="1">
  <reporter-output>
  </reporter-output>
  <suite name="Default suite" duration-ms="34556" started-at="2016-01-26T20:16:28Z" finished-at="2016-01-26T20:17:02Z">
    <groups>
    </groups>
    <test name="Default test" duration-ms="34556" started-at="2016-01-26T20:16:28Z" finished-at="2016-01-26T20:17:02Z">
      <class name="Automation.Final">
        <test-method status="PASS" signature="LoginTest()[pri:0, instance:Automation.Final@33462704]" name="LoginTest" duration-ms="34541" started-at="2016-01-26T12:16:28Z" finished-at="2016-01-26T12:17:02Z">
          <reporter-output>
          </reporter-output>
        </test-method> <!-- LoginTest -->
      </class> <!-- Automation.Final -->
    </test> <!-- Default test -->
  </suite> <!-- Default suite -->
</testng-results>
